#
# There is insufficient memory for the Java Runtime Environment to continue.
# Native memory allocation (malloc) failed to allocate 1048576 bytes for AllocateHeap
# Possible reasons:
#   The system is out of physical RAM or swap space
#   The process is running with CompressedOops enabled, and the Java Heap may be blocking the growth of the native heap
# Possible solutions:
#   Reduce memory load on the system
#   Increase physical memory or swap space
#   Check if swap backing store is full
#   Decrease Java heap size (-Xmx/-Xms)
#   Decrease number of Java threads
#   Decrease Java thread stack sizes (-Xss)
#   Set larger code cache with -XX:ReservedCodeCacheSize=
#   JVM is running with Unscaled Compressed Oops mode in which the Java heap is
#     placed in the first 4GB address space. The Java Heap base address is the
#     maximum limit for the native heap growth. Please use -XX:HeapBaseMinAddress
#     to set the Java Heap base and to place the Java Heap above 4GB virtual address.
# This output file may be truncated or incomplete.
#
#  Out of Memory Error (allocation.cpp:44), pid=12120, tid=21636
#
# JRE version: Java(TM) SE Runtime Environment (17.0.10+11) (build 17.0.10+11-LTS-240)
# Java VM: Java HotSpot(TM) 64-Bit Server VM (17.0.10+11-LTS-240, mixed mode, emulated-client, sharing, tiered, compressed oops, compressed class ptrs, g1 gc, windows-amd64)
# No core dump will be written. Minidumps are not enabled by default on client versions of Windows
#

---------------  S U M M A R Y ------------

Command Line: -Dcom.sun.management.jmxremote -Dcom.sun.management.jmxremote.port=57656 -Dcom.sun.management.jmxremote.authenticate=false -Dcom.sun.management.jmxremote.ssl=false -Djava.rmi.server.hostname=localhost -Dspring.jmx.enabled=true -Dmanagement.endpoints.jmx.exposure.include=* -Dspring.application.admin.enabled=true -Dspring.output.ansi.enabled=always -XX:TieredStopAtLevel=1 -Dspring.boot.project.name=PayRoll_Management -Dfile.encoding=UTF-8 -Dstdout.encoding=UTF-8 -Dstderr.encoding=UTF-8 -XX:+ShowCodeDetailsInExceptionMessages com.example.payroll.PayRollManagementApplication

Host: AMD Ryzen 5 4600H with Radeon Graphics         , 12 cores, 7G,  Windows 11 , 64 bit Build 26100 (10.0.26100.4768)
Time: Sat Aug 30 17:56:08 2025 India Standard Time elapsed time: 7565.170102 seconds (0d 2h 6m 5s)

---------------  T H R E A D  ---------------

Current thread (0x000002110f17c6b0):  VMThread "VM Thread" [stack: 0x000000e75a600000,0x000000e75a700000] [id=21636]

Stack: [0x000000e75a600000,0x000000e75a700000]
Native frames: (J=compiled Java code, j=interpreted, Vv=VM code, C=native code)
V  [jvm.dll+0x677a5a]
V  [jvm.dll+0x7d8b2d]
V  [jvm.dll+0x7da48e]
V  [jvm.dll+0x7daaf3]
V  [jvm.dll+0x2455ff]
V  [jvm.dll+0xa5173]
V  [jvm.dll+0x2f4183]
V  [jvm.dll+0x2f00e0]
V  [jvm.dll+0x2d86b7]
V  [jvm.dll+0x31b227]
V  [jvm.dll+0x7df30b]
V  [jvm.dll+0x7e0044]
V  [jvm.dll+0x7e055d]
V  [jvm.dll+0x7e0934]
V  [jvm.dll+0x7e0a00]
V  [jvm.dll+0x78888a]
V  [jvm.dll+0x676935]
C  [ucrtbase.dll+0x37b0]
C  [KERNEL32.DLL+0x2e8d7]
C  [ntdll.dll+0x3c34c]

VM_Operation (0x000000e759efed70): G1CollectFull, mode: safepoint, requested by thread 0x00000211571834a0


---------------  P R O C E S S  ---------------

Threads class SMR info:
_java_thread_list=0x0000021157b36c50, length=22, elements={
0x000002110f1833c0, 0x000002110f184430, 0x000002110f19ab20, 0x000002110f19b3f0,
0x000002110f19bcc0, 0x000002110f19cd30, 0x000002110f19f610, 0x000002110f1a0e60,
0x000002110f16e600, 0x000002110f441be0, 0x000002110f9e2960, 0x000002110f9f1e50,
0x000002110f9f33a0, 0x000002110ff1b540, 0x000002110ff19bf0, 0x000002110ff1c470,
0x0000021157182060, 0x00000211571885a0, 0x0000021157185810, 0x00000211571894d0,
0x000002110ff196e0, 0x00000211571834a0
}

Java Threads: ( => current thread )
  0x000002110f1833c0 JavaThread "Reference Handler" daemon [_thread_blocked, id=20680, stack(0x000000e75a700000,0x000000e75a800000)]
  0x000002110f184430 JavaThread "Finalizer" daemon [_thread_blocked, id=18092, stack(0x000000e75a800000,0x000000e75a900000)]
  0x000002110f19ab20 JavaThread "Signal Dispatcher" daemon [_thread_blocked, id=18920, stack(0x000000e75a900000,0x000000e75aa00000)]
  0x000002110f19b3f0 JavaThread "Attach Listener" daemon [_thread_blocked, id=16816, stack(0x000000e75aa00000,0x000000e75ab00000)]
  0x000002110f19bcc0 JavaThread "Service Thread" daemon [_thread_blocked, id=13204, stack(0x000000e75ab00000,0x000000e75ac00000)]
  0x000002110f19cd30 JavaThread "Monitor Deflation Thread" daemon [_thread_blocked, id=10380, stack(0x000000e75ac00000,0x000000e75ad00000)]
  0x000002110f19f610 JavaThread "C1 CompilerThread0" daemon [_thread_blocked, id=13580, stack(0x000000e75ad00000,0x000000e75ae00000)]
  0x000002110f1a0e60 JavaThread "Sweeper thread" daemon [_thread_blocked, id=18444, stack(0x000000e75ae00000,0x000000e75af00000)]
  0x000002110f16e600 JavaThread "Common-Cleaner" daemon [_thread_blocked, id=4912, stack(0x000000e75af00000,0x000000e75b000000)]
  0x000002110f441be0 JavaThread "Notification Thread" daemon [_thread_blocked, id=25416, stack(0x000000e75b300000,0x000000e75b400000)]
  0x000002110f9e2960 JavaThread "RMI TCP Accept-0" daemon [_thread_in_native, id=13136, stack(0x000000e75b400000,0x000000e75b500000)]
  0x000002110f9f1e50 JavaThread "RMI TCP Accept-57656" daemon [_thread_in_native, id=14944, stack(0x000000e75b500000,0x000000e75b600000)]
  0x000002110f9f33a0 JavaThread "RMI TCP Accept-0" daemon [_thread_in_native, id=1896, stack(0x000000e75b600000,0x000000e75b700000)]
  0x000002110ff1b540 JavaThread "RMI Scheduler(0)" daemon [_thread_blocked, id=22700, stack(0x000000e75c300000,0x000000e75c400000)]
  0x000002110ff19bf0 JavaThread "JMX server connection timeout 25" daemon [_thread_blocked, id=16048, stack(0x000000e75c500000,0x000000e75c600000)]
  0x000002110ff1c470 JavaThread "mysql-cj-abandoned-connection-cleanup" daemon [_thread_blocked, id=4320, stack(0x000000e75c800000,0x000000e75c900000)]
  0x0000021157182060 JavaThread "Live Reload Server" daemon [_thread_in_native, id=22080, stack(0x000000e75d300000,0x000000e75d400000)]
  0x00000211571885a0 JavaThread "DestroyJavaVM" [_thread_blocked, id=23168, stack(0x000000e75a000000,0x000000e75a100000)]
  0x0000021157185810 JavaThread "RMI TCP Connection(131)-127.0.0.1" daemon [_thread_in_native, id=10672, stack(0x000000e75c000000,0x000000e75c100000)]
  0x00000211571894d0 JavaThread "JMX server connection timeout 53" daemon [_thread_blocked, id=14900, stack(0x000000e75c100000,0x000000e75c200000)]
  0x000002110ff196e0 JavaThread "RMI TCP Connection(60)-127.0.0.1" daemon [_thread_blocked, id=11108, stack(0x000000e759d00000,0x000000e759e00000)]
  0x00000211571834a0 JavaThread "Thread-7" [_thread_blocked, id=7872, stack(0x000000e759e00000,0x000000e759f00000)]

Other Threads:
=>0x000002110f17c6b0 VMThread "VM Thread" [stack: 0x000000e75a600000,0x000000e75a700000] [id=21636]
  0x000002110fa6dd20 WatcherThread [stack: 0x000000e75b700000,0x000000e75b800000] [id=16412]
  0x000002117b329e50 GCTaskThread "GC Thread#0" [stack: 0x000000e75a100000,0x000000e75a200000] [id=6196]
  0x000002110fe05bf0 GCTaskThread "GC Thread#1" [stack: 0x000000e75b800000,0x000000e75b900000] [id=3936]
  0x000002110fe04070 GCTaskThread "GC Thread#2" [stack: 0x000000e75b900000,0x000000e75ba00000] [id=15408]
  0x000002110fe050f0 GCTaskThread "GC Thread#3" [stack: 0x000000e75ba00000,0x000000e75bb00000] [id=17720]
  0x000002110fe04e30 GCTaskThread "GC Thread#4" [stack: 0x000000e75bb00000,0x000000e75bc00000] [id=20564]
  0x000002110fe05670 GCTaskThread "GC Thread#5" [stack: 0x000000e75bc00000,0x000000e75bd00000] [id=15912]
  0x000002110fe05930 GCTaskThread "GC Thread#6" [stack: 0x000000e75bd00000,0x000000e75be00000] [id=13116]
  0x000002110fe04330 GCTaskThread "GC Thread#7" [stack: 0x000000e75be00000,0x000000e75bf00000] [id=13600]
  0x000002110fe048b0 GCTaskThread "GC Thread#8" [stack: 0x000000e75c600000,0x000000e75c700000] [id=9308]
  0x000002110fe04b70 GCTaskThread "GC Thread#9" [stack: 0x000000e75c700000,0x000000e75c800000] [id=7048]
  0x000002117b3398b0 ConcurrentGCThread "G1 Main Marker" [stack: 0x000000e75a200000,0x000000e75a300000] [id=22736]
  0x000002117b33b640 ConcurrentGCThread "G1 Conc#0" [stack: 0x000000e75a300000,0x000000e75a400000] [id=1980]
  0x0000021155caa2b0 ConcurrentGCThread "G1 Conc#1" [stack: 0x000000e75ca00000,0x000000e75cb00000] [id=14172]
  0x0000021155ca7970 ConcurrentGCThread "G1 Conc#2" [stack: 0x000000e75cb00000,0x000000e75cc00000] [id=8568]
  0x000002117b38e8c0 ConcurrentGCThread "G1 Refine#0" [stack: 0x000000e75a400000,0x000000e75a500000] [id=22356]
  0x000002110f56b330 ConcurrentGCThread "G1 Refine#1" [stack: 0x000000e75bf00000,0x000000e75c000000] [id=19020]
  0x000002110f0351e0 ConcurrentGCThread "G1 Service" [stack: 0x000000e75a500000,0x000000e75a600000] [id=25332]

Threads with active compile tasks:

VM state: at safepoint (normal execution)

VM Mutex/Monitor currently owned by a thread:  ([mutex/lock_event])
[0x000002117b2cd040] Threads_lock - owner thread: 0x000002110f17c6b0
[0x000002117b2cea20] Heap_lock - owner thread: 0x00000211571834a0

Heap address: 0x000000008a000000, size: 1888 MB, Compressed Oops mode: 32-bit

CDS archive(s) mapped at: [0x0000021110000000-0x0000021110bd0000-0x0000021110bd0000), size 12386304, SharedBaseAddress: 0x0000021110000000, ArchiveRelocationMode: 1.
Compressed class space mapped at: 0x0000021111000000-0x0000021151000000, reserved size: 1073741824
Narrow klass base: 0x0000021110000000, Narrow klass shift: 0, Narrow klass range: 0x100000000

GC Precious Log:
 CPUs: 12 total, 12 available
 Memory: 7549M
 Large Page Support: Disabled
 NUMA Support: Disabled
 Compressed Oops: Enabled (32-bit)
 Heap Region Size: 1M
 Heap Min Capacity: 8M
 Heap Initial Capacity: 118M
 Heap Max Capacity: 1888M
 Pre-touch: Disabled
 Parallel Workers: 10
 Concurrent Workers: 3
 Concurrent Refinement Workers: 10
 Periodic GC: Disabled

Heap:
 garbage-first heap   total 119808K, used 55079K [0x000000008a000000, 0x0000000100000000)
  region size 1024K, 6 young (6144K), 3 survivors (3072K)
 Metaspace       used 84182K, committed 84928K, reserved 1179648K
  class space    used 12247K, committed 12608K, reserved 1048576K

Heap Regions: E=young(eden), S=young(survivor), O=old, HS=humongous(starts), HC=humongous(continues), CS=collection set, F=free, OA=open archive, CA=closed archive, TAMS=top-at-mark-start (previous, next)
|   0|0x000000008a000000, 0x000000008a100000, 0x000000008a100000|100%|HS|  |TAMS 0x000000008a100000, 0x000000008a000000| Untracked 
|   1|0x000000008a100000, 0x000000008a200000, 0x000000008a200000|100%| O|  |TAMS 0x000000008a200000, 0x000000008a100000| Untracked 
|   2|0x000000008a200000, 0x000000008a300000, 0x000000008a300000|100%| O|  |TAMS 0x000000008a300000, 0x000000008a200000| Untracked 
|   3|0x000000008a300000, 0x000000008a3fffd8, 0x000000008a400000| 99%| O|  |TAMS 0x000000008a300000, 0x000000008a300000| Untracked 
|   4|0x000000008a400000, 0x000000008a4fffd8, 0x000000008a500000| 99%| O|  |TAMS 0x000000008a400000, 0x000000008a400000| Untracked 
|   5|0x000000008a500000, 0x000000008a5fffc8, 0x000000008a600000| 99%| O|  |TAMS 0x000000008a500000, 0x000000008a500000| Untracked 
|   6|0x000000008a600000, 0x000000008a6fffe8, 0x000000008a700000| 99%| O|  |TAMS 0x000000008a600000, 0x000000008a600000| Untracked 
|   7|0x000000008a700000, 0x000000008a7fffd0, 0x000000008a800000| 99%| O|  |TAMS 0x000000008a700000, 0x000000008a700000| Untracked 
|   8|0x000000008a800000, 0x000000008a900000, 0x000000008a900000|100%| O|  |TAMS 0x000000008a800000, 0x000000008a800000| Untracked 
|   9|0x000000008a900000, 0x000000008a9ffff0, 0x000000008aa00000| 99%| O|  |TAMS 0x000000008a900000, 0x000000008a900000| Untracked 
|  10|0x000000008aa00000, 0x000000008aaffff0, 0x000000008ab00000| 99%| O|  |TAMS 0x000000008aa00000, 0x000000008aa00000| Untracked 
|  11|0x000000008ab00000, 0x000000008abfffd0, 0x000000008ac00000| 99%| O|  |TAMS 0x000000008ab00000, 0x000000008ab00000| Untracked 
|  12|0x000000008ac00000, 0x000000008acfffe8, 0x000000008ad00000| 99%| O|  |TAMS 0x000000008ac00000, 0x000000008ac00000| Untracked 
|  13|0x000000008ad00000, 0x000000008adffff0, 0x000000008ae00000| 99%| O|  |TAMS 0x000000008ad00000, 0x000000008ad00000| Untracked 
|  14|0x000000008ae00000, 0x000000008aeffff8, 0x000000008af00000| 99%| O|  |TAMS 0x000000008ae00000, 0x000000008ae00000| Untracked 
|  15|0x000000008af00000, 0x000000008b000000, 0x000000008b000000|100%| O|  |TAMS 0x000000008af00000, 0x000000008af00000| Untracked 
|  16|0x000000008b000000, 0x000000008b0fffe8, 0x000000008b100000| 99%| O|  |TAMS 0x000000008b000000, 0x000000008b000000| Untracked 
|  17|0x000000008b100000, 0x000000008b200000, 0x000000008b200000|100%| O|  |TAMS 0x000000008b100000, 0x000000008b100000| Untracked 
|  18|0x000000008b200000, 0x000000008b300000, 0x000000008b300000|100%| O|  |TAMS 0x000000008b200000, 0x000000008b200000| Untracked 
|  19|0x000000008b300000, 0x000000008b3ffff8, 0x000000008b400000| 99%| O|  |TAMS 0x000000008b300000, 0x000000008b300000| Untracked 
|  20|0x000000008b400000, 0x000000008b4ffff0, 0x000000008b500000| 99%| O|  |TAMS 0x000000008b400000, 0x000000008b400000| Untracked 
|  21|0x000000008b500000, 0x000000008b5fffe8, 0x000000008b600000| 99%| O|  |TAMS 0x000000008b500000, 0x000000008b500000| Untracked 
|  22|0x000000008b600000, 0x000000008b6fffe8, 0x000000008b700000| 99%| O|  |TAMS 0x000000008b600000, 0x000000008b600000| Untracked 
|  23|0x000000008b700000, 0x000000008b7ffff8, 0x000000008b800000| 99%| O|  |TAMS 0x000000008b700000, 0x000000008b700000| Untracked 
|  24|0x000000008b800000, 0x000000008b900000, 0x000000008b900000|100%| O|  |TAMS 0x000000008b800000, 0x000000008b800000| Untracked 
|  25|0x000000008b900000, 0x000000008b9ffff0, 0x000000008ba00000| 99%| O|  |TAMS 0x000000008b900000, 0x000000008b900000| Untracked 
|  26|0x000000008ba00000, 0x000000008bafffe0, 0x000000008bb00000| 99%| O|  |TAMS 0x000000008ba00000, 0x000000008ba00000| Untracked 
|  27|0x000000008bb00000, 0x000000008bbfffe8, 0x000000008bc00000| 99%| O|  |TAMS 0x000000008bb00000, 0x000000008bb00000| Untracked 
|  28|0x000000008bc00000, 0x000000008bccc560, 0x000000008bd00000| 79%| O|  |TAMS 0x000000008bc00000, 0x000000008bc00000| Untracked 
|  29|0x000000008bd00000, 0x000000008bda3b10, 0x000000008be00000| 63%| O|  |TAMS 0x000000008bd00000, 0x000000008bd00000| Untracked 
|  30|0x000000008be00000, 0x000000008bef9db0, 0x000000008bf00000| 97%| O|  |TAMS 0x000000008be00000, 0x000000008be00000| Untracked 
|  31|0x000000008bf00000, 0x000000008bffffe8, 0x000000008c000000| 99%| O|  |TAMS 0x000000008bf00000, 0x000000008bf00000| Untracked 
|  32|0x000000008c000000, 0x000000008c100000, 0x000000008c100000|100%| O|  |TAMS 0x000000008c000000, 0x000000008c000000| Untracked 
|  33|0x000000008c100000, 0x000000008c200000, 0x000000008c200000|100%| O|  |TAMS 0x000000008c100000, 0x000000008c100000| Untracked 
|  34|0x000000008c200000, 0x000000008c300000, 0x000000008c300000|100%| O|  |TAMS 0x000000008c200000, 0x000000008c200000| Untracked 
|  35|0x000000008c300000, 0x000000008c3296c8, 0x000000008c400000| 16%| O|  |TAMS 0x000000008c300000, 0x000000008c300000| Untracked 
|  36|0x000000008c400000, 0x000000008c500000, 0x000000008c500000|100%| O|  |TAMS 0x000000008c400000, 0x000000008c400000| Untracked 
|  37|0x000000008c500000, 0x000000008c55db30, 0x000000008c600000| 36%| O|  |TAMS 0x000000008c500000, 0x000000008c500000| Untracked 
|  38|0x000000008c600000, 0x000000008c700000, 0x000000008c700000|100%| O|  |TAMS 0x000000008c600000, 0x000000008c600000| Untracked 
|  39|0x000000008c700000, 0x000000008c800000, 0x000000008c800000|100%| O|  |TAMS 0x000000008c700000, 0x000000008c700000| Untracked 
|  40|0x000000008c800000, 0x000000008c900000, 0x000000008c900000|100%| O|  |TAMS 0x000000008c800000, 0x000000008c800000| Untracked 
|  41|0x000000008c900000, 0x000000008ca00000, 0x000000008ca00000|100%| O|  |TAMS 0x000000008c900000, 0x000000008c900000| Untracked 
|  42|0x000000008ca00000, 0x000000008cb00000, 0x000000008cb00000|100%| O|  |TAMS 0x000000008ca00000, 0x000000008ca00000| Untracked 
|  43|0x000000008cb00000, 0x000000008cc00000, 0x000000008cc00000|100%| O|  |TAMS 0x000000008cb00000, 0x000000008cb00000| Untracked 
|  44|0x000000008cc00000, 0x000000008cd00000, 0x000000008cd00000|100%| O|  |TAMS 0x000000008cc00000, 0x000000008cc00000| Untracked 
|  45|0x000000008cd00000, 0x000000008ce00000, 0x000000008ce00000|100%| O|  |TAMS 0x000000008cd00000, 0x000000008cd00000| Untracked 
|  46|0x000000008ce00000, 0x000000008cf00000, 0x000000008cf00000|100%| O|  |TAMS 0x000000008ce00000, 0x000000008ce00000| Untracked 
|  47|0x000000008cf00000, 0x000000008d000000, 0x000000008d000000|100%| O|  |TAMS 0x000000008cf00000, 0x000000008cf00000| Untracked 
|  48|0x000000008d000000, 0x000000008d100000, 0x000000008d100000|100%| O|  |TAMS 0x000000008d000000, 0x000000008d000000| Untracked 
|  49|0x000000008d100000, 0x000000008d200000, 0x000000008d200000|100%| O|  |TAMS 0x000000008d100000, 0x000000008d100000| Untracked 
|  50|0x000000008d200000, 0x000000008d300000, 0x000000008d300000|100%| O|  |TAMS 0x000000008d200000, 0x000000008d200000| Untracked 
|  51|0x000000008d300000, 0x000000008d3d1400, 0x000000008d400000| 81%| O|  |TAMS 0x000000008d300000, 0x000000008d300000| Untracked 
|  52|0x000000008d400000, 0x000000008d400000, 0x000000008d500000|  0%| F|  |TAMS 0x000000008d400000, 0x000000008d400000| Untracked 
|  53|0x000000008d500000, 0x000000008d500000, 0x000000008d600000|  0%| F|  |TAMS 0x000000008d500000, 0x000000008d500000| Untracked 
|  54|0x000000008d600000, 0x000000008d600000, 0x000000008d700000|  0%| F|  |TAMS 0x000000008d600000, 0x000000008d600000| Untracked 
|  55|0x000000008d700000, 0x000000008d700000, 0x000000008d800000|  0%| F|  |TAMS 0x000000008d700000, 0x000000008d700000| Untracked 
|  56|0x000000008d800000, 0x000000008d800000, 0x000000008d900000|  0%| F|  |TAMS 0x000000008d800000, 0x000000008d800000| Untracked 
|  57|0x000000008d900000, 0x000000008d900000, 0x000000008da00000|  0%| F|  |TAMS 0x000000008d900000, 0x000000008d900000| Untracked 
|  58|0x000000008da00000, 0x000000008da00000, 0x000000008db00000|  0%| F|  |TAMS 0x000000008da00000, 0x000000008da00000| Untracked 
|  59|0x000000008db00000, 0x000000008db00000, 0x000000008dc00000|  0%| F|  |TAMS 0x000000008db00000, 0x000000008db00000| Untracked 
|  60|0x000000008dc00000, 0x000000008dc00000, 0x000000008dd00000|  0%| F|  |TAMS 0x000000008dc00000, 0x000000008dc00000| Untracked 
|  61|0x000000008dd00000, 0x000000008dd00000, 0x000000008de00000|  0%| F|  |TAMS 0x000000008dd00000, 0x000000008dd00000| Untracked 
|  62|0x000000008de00000, 0x000000008de00000, 0x000000008df00000|  0%| F|  |TAMS 0x000000008de00000, 0x000000008de00000| Untracked 
|  63|0x000000008df00000, 0x000000008df00000, 0x000000008e000000|  0%| F|  |TAMS 0x000000008df00000, 0x000000008df00000| Untracked 
|  64|0x000000008e000000, 0x000000008e000000, 0x000000008e100000|  0%| F|  |TAMS 0x000000008e000000, 0x000000008e000000| Untracked 
|  65|0x000000008e100000, 0x000000008e100000, 0x000000008e200000|  0%| F|  |TAMS 0x000000008e100000, 0x000000008e100000| Untracked 
|  66|0x000000008e200000, 0x000000008e207d40, 0x000000008e300000|  3%| S|CS|TAMS 0x000000008e200000, 0x000000008e200000| Complete 
|  67|0x000000008e300000, 0x000000008e400000, 0x000000008e400000|100%| S|CS|TAMS 0x000000008e300000, 0x000000008e300000| Complete 
|  68|0x000000008e400000, 0x000000008e400000, 0x000000008e500000|  0%| F|  |TAMS 0x000000008e400000, 0x000000008e400000| Untracked 
|  69|0x000000008e500000, 0x000000008e500000, 0x000000008e600000|  0%| F|  |TAMS 0x000000008e500000, 0x000000008e500000| Untracked 
|  70|0x000000008e600000, 0x000000008e700000, 0x000000008e700000|100%| S|CS|TAMS 0x000000008e600000, 0x000000008e600000| Complete 
|  71|0x000000008e700000, 0x000000008e700000, 0x000000008e800000|  0%| F|  |TAMS 0x000000008e700000, 0x000000008e700000| Untracked 
|  72|0x000000008e800000, 0x000000008e800000, 0x000000008e900000|  0%| F|  |TAMS 0x000000008e800000, 0x000000008e800000| Untracked 
|  73|0x000000008e900000, 0x000000008e900000, 0x000000008ea00000|  0%| F|  |TAMS 0x000000008e900000, 0x000000008e900000| Untracked 
|  74|0x000000008ea00000, 0x000000008ea00000, 0x000000008eb00000|  0%| F|  |TAMS 0x000000008ea00000, 0x000000008ea00000| Untracked 
|  75|0x000000008eb00000, 0x000000008eb00000, 0x000000008ec00000|  0%| F|  |TAMS 0x000000008eb00000, 0x000000008eb00000| Untracked 
|  76|0x000000008ec00000, 0x000000008ec00000, 0x000000008ed00000|  0%| F|  |TAMS 0x000000008ec00000, 0x000000008ec00000| Untracked 
|  77|0x000000008ed00000, 0x000000008ed00000, 0x000000008ee00000|  0%| F|  |TAMS 0x000000008ed00000, 0x000000008ed00000| Untracked 
|  78|0x000000008ee00000, 0x000000008ee00000, 0x000000008ef00000|  0%| F|  |TAMS 0x000000008ee00000, 0x000000008ee00000| Untracked 
|  79|0x000000008ef00000, 0x000000008ef00000, 0x000000008f000000|  0%| F|  |TAMS 0x000000008ef00000, 0x000000008ef00000| Untracked 
|  80|0x000000008f000000, 0x000000008f000000, 0x000000008f100000|  0%| F|  |TAMS 0x000000008f000000, 0x000000008f000000| Untracked 
|  81|0x000000008f100000, 0x000000008f100000, 0x000000008f200000|  0%| F|  |TAMS 0x000000008f100000, 0x000000008f100000| Untracked 
|  82|0x000000008f200000, 0x000000008f200000, 0x000000008f300000|  0%| F|  |TAMS 0x000000008f200000, 0x000000008f200000| Untracked 
|  83|0x000000008f300000, 0x000000008f300000, 0x000000008f400000|  0%| F|  |TAMS 0x000000008f300000, 0x000000008f300000| Untracked 
|  84|0x000000008f400000, 0x000000008f400000, 0x000000008f500000|  0%| F|  |TAMS 0x000000008f400000, 0x000000008f400000| Untracked 
|  85|0x000000008f500000, 0x000000008f500000, 0x000000008f600000|  0%| F|  |TAMS 0x000000008f500000, 0x000000008f500000| Untracked 
|  86|0x000000008f600000, 0x000000008f600000, 0x000000008f700000|  0%| F|  |TAMS 0x000000008f600000, 0x000000008f600000| Untracked 
|  87|0x000000008f700000, 0x000000008f700000, 0x000000008f800000|  0%| F|  |TAMS 0x000000008f700000, 0x000000008f700000| Untracked 
|  88|0x000000008f800000, 0x000000008f800000, 0x000000008f900000|  0%| F|  |TAMS 0x000000008f800000, 0x000000008f800000| Untracked 
|  89|0x000000008f900000, 0x000000008f900000, 0x000000008fa00000|  0%| F|  |TAMS 0x000000008f900000, 0x000000008f900000| Untracked 
|  90|0x000000008fa00000, 0x000000008fa00000, 0x000000008fb00000|  0%| F|  |TAMS 0x000000008fa00000, 0x000000008fa00000| Untracked 
|  91|0x000000008fb00000, 0x000000008fb00000, 0x000000008fc00000|  0%| F|  |TAMS 0x000000008fb00000, 0x000000008fb00000| Untracked 
|  92|0x000000008fc00000, 0x000000008fc00000, 0x000000008fd00000|  0%| F|  |TAMS 0x000000008fc00000, 0x000000008fc00000| Untracked 
|  93|0x000000008fd00000, 0x000000008fd00000, 0x000000008fe00000|  0%| F|  |TAMS 0x000000008fd00000, 0x000000008fd00000| Untracked 
|  94|0x000000008fe00000, 0x000000008fe00000, 0x000000008ff00000|  0%| F|  |TAMS 0x000000008fe00000, 0x000000008fe00000| Untracked 
|  95|0x000000008ff00000, 0x000000008ff00000, 0x0000000090000000|  0%| F|  |TAMS 0x000000008ff00000, 0x000000008ff00000| Untracked 
|  96|0x0000000090000000, 0x0000000090000000, 0x0000000090100000|  0%| F|  |TAMS 0x0000000090000000, 0x0000000090000000| Untracked 
|  97|0x0000000090100000, 0x0000000090100000, 0x0000000090200000|  0%| F|  |TAMS 0x0000000090100000, 0x0000000090100000| Untracked 
|  98|0x0000000090200000, 0x0000000090200000, 0x0000000090300000|  0%| F|  |TAMS 0x0000000090200000, 0x0000000090200000| Untracked 
|  99|0x0000000090300000, 0x0000000090300000, 0x0000000090400000|  0%| F|  |TAMS 0x0000000090300000, 0x0000000090300000| Untracked 
| 100|0x0000000090400000, 0x0000000090400000, 0x0000000090500000|  0%| F|  |TAMS 0x0000000090400000, 0x0000000090400000| Untracked 
| 101|0x0000000090500000, 0x0000000090500000, 0x0000000090600000|  0%| F|  |TAMS 0x0000000090500000, 0x0000000090500000| Untracked 
| 102|0x0000000090600000, 0x0000000090600000, 0x0000000090700000|  0%| F|  |TAMS 0x0000000090600000, 0x0000000090600000| Untracked 
| 103|0x0000000090700000, 0x0000000090700000, 0x0000000090800000|  0%| F|  |TAMS 0x0000000090700000, 0x0000000090700000| Untracked 
| 104|0x0000000090800000, 0x0000000090800000, 0x0000000090900000|  0%| F|  |TAMS 0x0000000090800000, 0x0000000090800000| Untracked 
| 105|0x0000000090900000, 0x0000000090900000, 0x0000000090a00000|  0%| F|  |TAMS 0x0000000090900000, 0x0000000090900000| Untracked 
| 106|0x0000000090a00000, 0x0000000090a00000, 0x0000000090b00000|  0%| F|  |TAMS 0x0000000090a00000, 0x0000000090a00000| Untracked 
| 107|0x0000000090b00000, 0x0000000090b00000, 0x0000000090c00000|  0%| F|  |TAMS 0x0000000090b00000, 0x0000000090b00000| Untracked 
| 108|0x0000000090c00000, 0x0000000090c00000, 0x0000000090d00000|  0%| F|  |TAMS 0x0000000090c00000, 0x0000000090c00000| Untracked 
| 109|0x0000000090d00000, 0x0000000090d00000, 0x0000000090e00000|  0%| F|  |TAMS 0x0000000090d00000, 0x0000000090d00000| Untracked 
| 110|0x0000000090e00000, 0x0000000090e00000, 0x0000000090f00000|  0%| F|  |TAMS 0x0000000090e00000, 0x0000000090e00000| Untracked 
| 111|0x0000000090f00000, 0x0000000090f00000, 0x0000000091000000|  0%| F|  |TAMS 0x0000000090f00000, 0x0000000090f00000| Untracked 
| 112|0x0000000091000000, 0x0000000091000000, 0x0000000091100000|  0%| F|  |TAMS 0x0000000091000000, 0x0000000091000000| Untracked 
| 113|0x0000000091100000, 0x0000000091100000, 0x0000000091200000|  0%| F|  |TAMS 0x0000000091100000, 0x0000000091100000| Untracked 
| 114|0x0000000091200000, 0x00000000912cc240, 0x0000000091300000| 79%| E|  |TAMS 0x0000000091200000, 0x0000000091200000| Complete 
| 115|0x0000000091300000, 0x0000000091400000, 0x0000000091400000|100%| E|CS|TAMS 0x0000000091300000, 0x0000000091300000| Complete 
| 116|0x0000000091400000, 0x0000000091500000, 0x0000000091500000|100%| E|CS|TAMS 0x0000000091400000, 0x0000000091400000| Complete 

Card table byte_map: [0x0000021108300000,0x00000211086b0000] _byte_map_base: 0x0000021107eb0000

Marking Bits (Prev, Next): (CMBitMap*) 0x000002117b32a3c0, (CMBitMap*) 0x000002117b32a380
 Prev Bits: [0x000002110a7e0000, 0x000002110c560000)
 Next Bits: [0x0000021108a60000, 0x000002110a7e0000)

Polling page: 0x000002117b030000

Metaspace:

Usage:
  Non-class:     70.25 MB used.
      Class:     11.96 MB used.
       Both:     82.21 MB used.

Virtual space:
  Non-class space:      128.00 MB reserved,      70.62 MB ( 55%) committed,  2 nodes.
      Class space:        1.00 GB reserved,      12.31 MB (  1%) committed,  1 nodes.
             Both:        1.12 GB reserved,      82.94 MB (  7%) committed. 

Chunk freelists:
   Non-Class:  9.03 MB
       Class:  3.69 MB
        Both:  12.72 MB

MaxMetaspaceSize: unlimited
CompressedClassSpaceSize: 1.00 GB
Initial GC threshold: 21.00 MB
Current GC threshold: 137.19 MB
CDS: on
MetaspaceReclaimPolicy: balanced
 - commit_granule_bytes: 65536.
 - commit_granule_words: 8192.
 - virtual_space_node_default_size: 8388608.
 - enlarge_chunks_in_place: 1.
 - new_chunks_are_fully_committed: 0.
 - uncommit_free_chunks: 1.
 - use_allocation_guard: 0.
 - handle_deallocations: 1.


Internal statistics:

num_allocs_failed_limit: 11.
num_arena_births: 1302.
num_arena_deaths: 352.
num_vsnodes_births: 3.
num_vsnodes_deaths: 0.
num_space_committed: 1327.
num_space_uncommitted: 0.
num_chunks_returned_to_freelist: 435.
num_chunks_taken_from_freelist: 4669.
num_chunk_merges: 149.
num_chunk_splits: 3163.
num_chunks_enlarged: 2361.
num_inconsistent_stats: 0.

CodeCache: size=49152Kb used=19090Kb max_used=20228Kb free=30061Kb
 bounds [0x000002117cbf0000, 0x000002117dfc0000, 0x000002117fbf0000]
 total_blobs=12051 nmethods=11346 adapters=631
 compilation: enabled
              stopped_count=0, restarted_count=0
 full_count=0

Compilation events (20 events):
Event: 7501.284 Thread 0x000002110f19f610 11335       1       java.io.ObjectInputStream$GetField::<init> (5 bytes)
Event: 7501.284 Thread 0x000002110f19f610 nmethod 11335 0x000002117dc06390 code [0x000002117dc06520, 0x000002117dc065d8]
Event: 7526.168 Thread 0x000002110f19f610 11338       1       ch.qos.logback.classic.Logger::filterAndLog_1 (68 bytes)
Event: 7526.170 Thread 0x000002110f19f610 nmethod 11338 0x000002117dc05a90 code [0x000002117dc05c80, 0x000002117dc06138]
Event: 7526.170 Thread 0x000002110f19f610 11339       1       ch.qos.logback.classic.LoggerContext::getTurboFilterChainDecision_1 (38 bytes)
Event: 7526.171 Thread 0x000002110f19f610 nmethod 11339 0x000002117dc05490 code [0x000002117dc05640, 0x000002117dc05928]
Event: 7561.601 Thread 0x000002110f19f610 11340       1       org.springframework.boot.devtools.filewatch.FileSnapshot::getFile (5 bytes)
Event: 7561.602 Thread 0x000002110f19f610 nmethod 11340 0x000002117dc05190 code [0x000002117dc05320, 0x000002117dc053f8]
Event: 7564.083 Thread 0x000002110f19f610 11341       1       java.nio.DirectByteBuffer::cleaner (5 bytes)
Event: 7564.084 Thread 0x000002110f19f610 nmethod 11341 0x000002117dc04e90 code [0x000002117dc05020, 0x000002117dc050f8]
Event: 7564.112 Thread 0x000002110f19f610 11342   !   1       java.util.concurrent.CopyOnWriteArrayList::remove (175 bytes)
Event: 7564.114 Thread 0x000002110f19f610 nmethod 11342 0x000002117dc04190 code [0x000002117dc04380, 0x000002117dc04a78]
Event: 7564.114 Thread 0x000002110f19f610 11343       1       com.mysql.cj.protocol.ExportControlled::isSSLEstablished (18 bytes)
Event: 7564.115 Thread 0x000002110f19f610 nmethod 11343 0x000002117dc03e10 code [0x000002117dc03fa0, 0x000002117dc040a8]
Event: 7564.116 Thread 0x000002110f19f610 11344       1       org.springframework.beans.factory.support.DefaultListableBeanFactory::clearByTypeCache (19 bytes)
Event: 7564.117 Thread 0x000002110f19f610 nmethod 11344 0x000002117dc03a90 code [0x000002117dc03c40, 0x000002117dc03d58]
Event: 7564.122 Thread 0x000002110f19f610 11345       1       org.apache.tomcat.util.collections.ManagedConcurrentWeakHashMap$Key::hashCode (5 bytes)
Event: 7564.122 Thread 0x000002110f19f610 nmethod 11345 0x000002117dc03790 code [0x000002117dc03920, 0x000002117dc039f8]
Event: 7564.135 Thread 0x000002110f19f610 11346       1       java.util.concurrent.locks.ReentrantReadWriteLock$NonfairSync::writerShouldBlock (2 bytes)
Event: 7564.135 Thread 0x000002110f19f610 nmethod 11346 0x000002117dc03490 code [0x000002117dc03620, 0x000002117dc036f8]

GC Heap History (20 events):
Event: 5662.593 GC heap before
{Heap before GC invocations=38 (full 0):
 garbage-first heap   total 139264K, used 69653K [0x000000008a000000, 0x0000000100000000)
  region size 1024K, 27 young (27648K), 5 survivors (5120K)
 Metaspace       used 83484K, committed 84288K, reserved 1179648K
  class space    used 12207K, committed 12608K, reserved 1048576K
}
Event: 5663.065 GC heap after
{Heap after GC invocations=39 (full 1):
 garbage-first heap   total 119808K, used 33731K [0x000000008a000000, 0x0000000100000000)
  region size 1024K, 0 young (0K), 0 survivors (0K)
 Metaspace       used 83051K, committed 84288K, reserved 1179648K
  class space    used 12118K, committed 12608K, reserved 1048576K
}
Event: 5664.627 GC heap before
{Heap before GC invocations=39 (full 1):
 garbage-first heap   total 119808K, used 101315K [0x000000008a000000, 0x0000000100000000)
  region size 1024K, 66 young (67584K), 0 survivors (0K)
 Metaspace       used 83285K, committed 84288K, reserved 1179648K
  class space    used 12148K, committed 12608K, reserved 1048576K
}
Event: 5664.643 GC heap after
{Heap after GC invocations=40 (full 1):
 garbage-first heap   total 119808K, used 39563K [0x000000008a000000, 0x0000000100000000)
  region size 1024K, 6 young (6144K), 6 survivors (6144K)
 Metaspace       used 83285K, committed 84288K, reserved 1179648K
  class space    used 12148K, committed 12608K, reserved 1048576K
}
Event: 5665.991 GC heap before
{Heap before GC invocations=40 (full 1):
 garbage-first heap   total 119808K, used 97931K [0x000000008a000000, 0x0000000100000000)
  region size 1024K, 63 young (64512K), 6 survivors (6144K)
 Metaspace       used 83442K, committed 84288K, reserved 1179648K
  class space    used 12175K, committed 12608K, reserved 1048576K
}
Event: 5666.004 GC heap after
{Heap after GC invocations=41 (full 1):
 garbage-first heap   total 119808K, used 43394K [0x000000008a000000, 0x0000000100000000)
  region size 1024K, 5 young (5120K), 5 survivors (5120K)
 Metaspace       used 83442K, committed 84288K, reserved 1179648K
  class space    used 12175K, committed 12608K, reserved 1048576K
}
Event: 5666.628 GC heap before
{Heap before GC invocations=41 (full 1):
 garbage-first heap   total 119808K, used 95618K [0x000000008a000000, 0x0000000100000000)
  region size 1024K, 56 young (57344K), 5 survivors (5120K)
 Metaspace       used 83916K, committed 84672K, reserved 1179648K
  class space    used 12212K, committed 12608K, reserved 1048576K
}
Event: 5666.636 GC heap after
{Heap after GC invocations=42 (full 1):
 garbage-first heap   total 119808K, used 46248K [0x000000008a000000, 0x0000000100000000)
  region size 1024K, 4 young (4096K), 4 survivors (4096K)
 Metaspace       used 83916K, committed 84672K, reserved 1179648K
  class space    used 12212K, committed 12608K, reserved 1048576K
}
Event: 5667.389 GC heap before
{Heap before GC invocations=42 (full 1):
 garbage-first heap   total 119808K, used 96424K [0x000000008a000000, 0x0000000100000000)
  region size 1024K, 53 young (54272K), 4 survivors (4096K)
 Metaspace       used 83932K, committed 84672K, reserved 1179648K
  class space    used 12216K, committed 12608K, reserved 1048576K
}
Event: 5667.395 GC heap after
{Heap after GC invocations=43 (full 1):
 garbage-first heap   total 119808K, used 48630K [0x000000008a000000, 0x0000000100000000)
  region size 1024K, 6 young (6144K), 6 survivors (6144K)
 Metaspace       used 83932K, committed 84672K, reserved 1179648K
  class space    used 12216K, committed 12608K, reserved 1048576K
}
Event: 5668.089 GC heap before
{Heap before GC invocations=43 (full 1):
 garbage-first heap   total 119808K, used 96758K [0x000000008a000000, 0x0000000100000000)
  region size 1024K, 53 young (54272K), 6 survivors (6144K)
 Metaspace       used 83932K, committed 84672K, reserved 1179648K
  class space    used 12216K, committed 12608K, reserved 1048576K
}
Event: 5668.107 GC heap after
{Heap after GC invocations=44 (full 1):
 garbage-first heap   total 119808K, used 51356K [0x000000008a000000, 0x0000000100000000)
  region size 1024K, 6 young (6144K), 6 survivors (6144K)
 Metaspace       used 83932K, committed 84672K, reserved 1179648K
  class space    used 12216K, committed 12608K, reserved 1048576K
}
Event: 6062.531 GC heap before
{Heap before GC invocations=44 (full 1):
 garbage-first heap   total 119808K, used 97436K [0x000000008a000000, 0x0000000100000000)
  region size 1024K, 51 young (52224K), 6 survivors (6144K)
 Metaspace       used 84129K, committed 84864K, reserved 1179648K
  class space    used 12235K, committed 12608K, reserved 1048576K
}
Event: 6062.543 GC heap after
{Heap after GC invocations=45 (full 1):
 garbage-first heap   total 119808K, used 52215K [0x000000008a000000, 0x0000000100000000)
  region size 1024K, 4 young (4096K), 4 survivors (4096K)
 Metaspace       used 84129K, committed 84864K, reserved 1179648K
  class space    used 12235K, committed 12608K, reserved 1048576K
}
Event: 6523.908 GC heap before
{Heap before GC invocations=45 (full 1):
 garbage-first heap   total 119808K, used 97271K [0x000000008a000000, 0x0000000100000000)
  region size 1024K, 48 young (49152K), 4 survivors (4096K)
 Metaspace       used 84131K, committed 84864K, reserved 1179648K
  class space    used 12235K, committed 12608K, reserved 1048576K
}
Event: 6523.921 GC heap after
{Heap after GC invocations=46 (full 1):
 garbage-first heap   total 119808K, used 51918K [0x000000008a000000, 0x0000000100000000)
  region size 1024K, 1 young (1024K), 1 survivors (1024K)
 Metaspace       used 84131K, committed 84864K, reserved 1179648K
  class space    used 12235K, committed 12608K, reserved 1048576K
}
Event: 7036.048 GC heap before
{Heap before GC invocations=46 (full 1):
 garbage-first heap   total 119808K, used 99022K [0x000000008a000000, 0x0000000100000000)
  region size 1024K, 47 young (48128K), 1 survivors (1024K)
 Metaspace       used 84148K, committed 84928K, reserved 1179648K
  class space    used 12240K, committed 12608K, reserved 1048576K
}
Event: 7036.056 GC heap after
{Heap after GC invocations=47 (full 1):
 garbage-first heap   total 119808K, used 52524K [0x000000008a000000, 0x0000000100000000)
  region size 1024K, 2 young (2048K), 2 survivors (2048K)
 Metaspace       used 84148K, committed 84928K, reserved 1179648K
  class space    used 12240K, committed 12608K, reserved 1048576K
}
Event: 7546.158 GC heap before
{Heap before GC invocations=47 (full 1):
 garbage-first heap   total 119808K, used 99628K [0x000000008a000000, 0x0000000100000000)
  region size 1024K, 48 young (49152K), 2 survivors (2048K)
 Metaspace       used 84178K, committed 84928K, reserved 1179648K
  class space    used 12246K, committed 12608K, reserved 1048576K
}
Event: 7546.180 GC heap after
{Heap after GC invocations=48 (full 1):
 garbage-first heap   total 119808K, used 53031K [0x000000008a000000, 0x0000000100000000)
  region size 1024K, 3 young (3072K), 3 survivors (3072K)
 Metaspace       used 84178K, committed 84928K, reserved 1179648K
  class space    used 12246K, committed 12608K, reserved 1048576K
}

Deoptimization events (8 events):
Event: 3.347 Thread 0x000002110fdb6e90 DEOPT PACKING pc=0x000002117d4efc35 sp=0x000000e75c1fb630
Event: 3.347 Thread 0x000002110fdb6e90 DEOPT UNPACKING pc=0x000002117cc42b43 sp=0x000000e75c1fabd8 mode 0
Event: 6.424 Thread 0x000002110fdb6e90 DEOPT PACKING pc=0x000002117d1c5b24 sp=0x000000e75c1fab40
Event: 6.424 Thread 0x000002110fdb6e90 DEOPT UNPACKING pc=0x000002117cc42b43 sp=0x000000e75c1fa098 mode 0
Event: 7.151 Thread 0x000002110fdb6e90 DEOPT PACKING pc=0x000002117d208ea2 sp=0x000000e75c1fcd70
Event: 7.151 Thread 0x000002110fdb6e90 DEOPT UNPACKING pc=0x000002117cc42b43 sp=0x000000e75c1fc278 mode 3
Event: 9.432 Thread 0x0000021157188ab0 DEOPT PACKING pc=0x000002117ce9a614 sp=0x000000e75b2fc6a0
Event: 9.432 Thread 0x0000021157188ab0 DEOPT UNPACKING pc=0x000002117cc42b43 sp=0x000000e75b2fbb50 mode 0

Classes unloaded (20 events):
Event: 5662.686 Thread 0x000002110f17c6b0 Unloading class 0x00000211110d5c00 'java/lang/invoke/LambdaForm$MH+0x00000211110d5c00'
Event: 5662.686 Thread 0x000002110f17c6b0 Unloading class 0x00000211110d5800 'java/lang/invoke/LambdaForm$MH+0x00000211110d5800'
Event: 5662.686 Thread 0x000002110f17c6b0 Unloading class 0x00000211110d5400 'java/lang/invoke/LambdaForm$MH+0x00000211110d5400'
Event: 5662.686 Thread 0x000002110f17c6b0 Unloading class 0x00000211110d5000 'java/lang/invoke/LambdaForm$MH+0x00000211110d5000'
Event: 5662.686 Thread 0x000002110f17c6b0 Unloading class 0x00000211110d4c00 'java/lang/invoke/LambdaForm$MH+0x00000211110d4c00'
Event: 5662.686 Thread 0x000002110f17c6b0 Unloading class 0x00000211110d4400 'java/lang/invoke/LambdaForm$MH+0x00000211110d4400'
Event: 5662.686 Thread 0x000002110f17c6b0 Unloading class 0x00000211110d4000 'java/lang/invoke/LambdaForm$MH+0x00000211110d4000'
Event: 5662.686 Thread 0x000002110f17c6b0 Unloading class 0x00000211110c0800 'jdk/internal/reflect/GeneratedSerializationConstructorAccessor3'
Event: 5662.686 Thread 0x000002110f17c6b0 Unloading class 0x00000211110c0400 'jdk/internal/reflect/GeneratedSerializationConstructorAccessor2'
Event: 5662.686 Thread 0x000002110f17c6b0 Unloading class 0x00000211110c0000 'jdk/internal/reflect/GeneratedSerializationConstructorAccessor1'
Event: 5662.686 Thread 0x000002110f17c6b0 Unloading class 0x0000021111008800 'java/lang/invoke/LambdaForm$DMH+0x0000021111008800'
Event: 5662.686 Thread 0x000002110f17c6b0 Unloading class 0x0000021111008000 'java/lang/invoke/LambdaForm$DMH+0x0000021111008000'
Event: 5662.686 Thread 0x000002110f17c6b0 Unloading class 0x0000021111007400 'jdk/internal/reflect/GeneratedConstructorAccessor1'
Event: 5662.686 Thread 0x000002110f17c6b0 Unloading class 0x0000021111006800 'java/lang/invoke/LambdaForm$MH+0x0000021111006800'
Event: 5662.686 Thread 0x000002110f17c6b0 Unloading class 0x0000021111006400 'java/lang/invoke/LambdaForm$MH+0x0000021111006400'
Event: 5662.686 Thread 0x000002110f17c6b0 Unloading class 0x0000021111006000 'java/lang/invoke/LambdaForm$MH+0x0000021111006000'
Event: 5662.686 Thread 0x000002110f17c6b0 Unloading class 0x0000021111005c00 'java/lang/invoke/LambdaForm$MH+0x0000021111005c00'
Event: 5662.686 Thread 0x000002110f17c6b0 Unloading class 0x0000021111005800 'java/lang/invoke/LambdaForm$MH+0x0000021111005800'
Event: 5662.686 Thread 0x000002110f17c6b0 Unloading class 0x0000021111004400 'java/lang/invoke/LambdaForm$MH+0x0000021111004400'
Event: 5662.686 Thread 0x000002110f17c6b0 Unloading class 0x0000021111004000 'java/lang/invoke/LambdaForm$MH+0x0000021111004000'

Classes redefined (0 events):
No events

Internal exceptions (20 events):
Event: 5664.942 Thread 0x00000211571834a0 Exception <a 'sun/nio/fs/WindowsException'{0x00000000905096d0}> (0x00000000905096d0) 
thrown [s\open\src\hotspot\share\prims\jni.cpp, line 516]
Event: 5665.210 Thread 0x00000211571834a0 Exception <a 'java/io/FileNotFoundException'{0x0000000090559180}> (0x0000000090559180) 
thrown [s\open\src\hotspot\share\prims\jni.cpp, line 516]
Event: 5665.529 Thread 0x00000211571834a0 Exception <a 'sun/nio/fs/WindowsException'{0x000000008ee27878}> (0x000000008ee27878) 
thrown [s\open\src\hotspot\share\prims\jni.cpp, line 516]
Event: 5666.086 Thread 0x00000211571834a0 Exception <a 'java/lang/reflect/InvocationTargetException'{0x0000000090d1f340}> (0x0000000090d1f340) 
thrown [s\open\src\hotspot\share\runtime\reflection.cpp, line 1121]
Event: 5666.159 Thread 0x00000211571834a0 Exception <a 'java/io/FileNotFoundException'{0x0000000090884c58}> (0x0000000090884c58) 
thrown [s\open\src\hotspot\share\prims\jni.cpp, line 516]
Event: 5666.202 Thread 0x00000211571834a0 Exception <a 'java/lang/reflect/InvocationTargetException'{0x00000000905d05b0}> (0x00000000905d05b0) 
thrown [s\open\src\hotspot\share\runtime\reflection.cpp, line 1121]
Event: 5666.205 Thread 0x00000211571834a0 Exception <a 'java/lang/reflect/InvocationTargetException'{0x00000000905de008}> (0x00000000905de008) 
thrown [s\open\src\hotspot\share\runtime\reflection.cpp, line 1121]
Event: 5666.266 Thread 0x00000211571834a0 Exception <a 'java/lang/reflect/InvocationTargetException'{0x0000000090050a20}> (0x0000000090050a20) 
thrown [s\open\src\hotspot\share\runtime\reflection.cpp, line 1121]
Event: 5666.269 Thread 0x00000211571834a0 Exception <a 'java/lang/reflect/InvocationTargetException'{0x00000000900625c0}> (0x00000000900625c0) 
thrown [s\open\src\hotspot\share\runtime\reflection.cpp, line 1121]
Event: 5666.271 Thread 0x00000211571834a0 Exception <a 'java/lang/reflect/InvocationTargetException'{0x00000000900705e8}> (0x00000000900705e8) 
thrown [s\open\src\hotspot\share\runtime\reflection.cpp, line 1121]
Event: 5666.313 Thread 0x00000211571834a0 Exception <a 'java/lang/reflect/InvocationTargetException'{0x000000008fc05320}> (0x000000008fc05320) 
thrown [s\open\src\hotspot\share\runtime\reflection.cpp, line 1121]
Event: 5666.347 Thread 0x00000211571834a0 Exception <a 'java/lang/reflect/InvocationTargetException'{0x000000008f90b278}> (0x000000008f90b278) 
thrown [s\open\src\hotspot\share\runtime\reflection.cpp, line 1121]
Event: 5666.350 Thread 0x00000211571834a0 Exception <a 'java/lang/reflect/InvocationTargetException'{0x000000008f91c1a0}> (0x000000008f91c1a0) 
thrown [s\open\src\hotspot\share\runtime\reflection.cpp, line 1121]
Event: 5666.352 Thread 0x00000211571834a0 Exception <a 'java/lang/reflect/InvocationTargetException'{0x000000008f927fa8}> (0x000000008f927fa8) 
thrown [s\open\src\hotspot\share\runtime\reflection.cpp, line 1121]
Event: 5666.815 Thread 0x00000211571834a0 Exception <a 'sun/nio/fs/WindowsException'{0x00000000908bcfa0}> (0x00000000908bcfa0) 
thrown [s\open\src\hotspot\share\prims\jni.cpp, line 516]
Event: 5701.235 Thread 0x0000021157185810 Exception <a 'java/lang/NoSuchMethodError'{0x00000000907fedd0}: static [B.<clinit>()V> (0x00000000907fedd0) 
thrown [s\open\src\hotspot\share\prims\jni.cpp, line 1107]
Event: 6814.555 Thread 0x0000021157186c50 Exception <a 'java/lang/IncompatibleClassChangeError'{0x000000008fad4cb8}: Found class java.lang.Object, but interface was expected> (0x000000008fad4cb8) 
thrown [s\open\src\hotspot\share\interpreter\linkResolver.cpp, line 826]
Event: 7563.463 Thread 0x00000211571834a0 Exception <a 'java/lang/Error'{0x0000000091395420}: IP Helper Library GetAdaptersAddresses function failed with error == 14> (0x0000000091395420) 
thrown [s\open\src\hotspot\share\prims\jni.cpp, line 535]
Event: 7564.085 Thread 0x000002110ff1ab20 Exception <a 'java/io/IOException'{0x00000000913f2778}> (0x00000000913f2778) 
thrown [s\open\src\hotspot\share\prims\jni.cpp, line 516]
Event: 7564.136 Thread 0x0000021157184df0 Exception <a 'java/lang/InterruptedException'{0x00000000912b8f38}: sleep interrupted> (0x00000000912b8f38) 
thrown [s\open\src\hotspot\share\prims\jvm.cpp, line 3064]

VM Operations (20 events):
Event: 6666.323 Executing VM operation: Cleanup done
Event: 6814.742 Executing VM operation: Cleanup
Event: 6814.742 Executing VM operation: Cleanup done
Event: 6854.352 Executing VM operation: HandshakeAllThreads
Event: 6854.359 Executing VM operation: HandshakeAllThreads done
Event: 6986.609 Executing VM operation: Cleanup
Event: 6986.609 Executing VM operation: Cleanup done
Event: 7036.047 Executing VM operation: G1CollectForAllocation
Event: 7036.057 Executing VM operation: G1CollectForAllocation done
Event: 7140.092 Executing VM operation: Cleanup
Event: 7140.092 Executing VM operation: Cleanup done
Event: 7148.183 Executing VM operation: Cleanup
Event: 7148.183 Executing VM operation: Cleanup done
Event: 7424.070 Executing VM operation: Cleanup
Event: 7424.070 Executing VM operation: Cleanup done
Event: 7450.378 Executing VM operation: Cleanup
Event: 7450.378 Executing VM operation: Cleanup done
Event: 7546.151 Executing VM operation: G1CollectForAllocation
Event: 7546.180 Executing VM operation: G1CollectForAllocation done
Event: 7564.136 Executing VM operation: G1CollectFull

Events (20 events):
Event: 7564.082 Thread 0x0000021157188090 Thread exited: 0x0000021157188090
Event: 7564.083 Thread 0x0000021157186740 Thread exited: 0x0000021157186740
Event: 7564.083 Thread 0x0000021157187160 Thread exited: 0x0000021157187160
Event: 7564.083 Thread 0x00000211571839b0 Thread exited: 0x00000211571839b0
Event: 7564.083 Thread 0x0000021157186c50 Thread exited: 0x0000021157186c50
Event: 7564.083 Thread 0x0000021157182a80 Thread exited: 0x0000021157182a80
Event: 7564.083 Thread 0x0000021157187670 Thread exited: 0x0000021157187670
Event: 7564.084 Thread 0x0000021157187b80 Thread exited: 0x0000021157187b80
Event: 7564.084 Thread 0x00000211571899e0 Thread exited: 0x00000211571899e0
Event: 7564.084 Thread 0x0000021157185300 Thread exited: 0x0000021157185300
Event: 7564.084 Thread 0x0000021157188fc0 Thread exited: 0x0000021157188fc0
Event: 7564.086 loading class java/nio/channels/AsynchronousCloseException
Event: 7564.090 loading class java/nio/channels/AsynchronousCloseException done
Event: 7564.090 Thread 0x000002110ff1ab20 Thread exited: 0x000002110ff1ab20
Event: 7564.112 Thread 0x00000211571839b0 Thread added: 0x00000211571839b0
Event: 7564.113 Thread 0x00000211571843d0 Thread exited: 0x00000211571843d0
Event: 7564.114 Thread 0x00000211571839b0 Thread exited: 0x00000211571839b0
Event: 7564.135 Thread 0x0000021157182570 Thread exited: 0x0000021157182570
Event: 7564.135 Thread 0x00000211571848e0 Thread exited: 0x00000211571848e0
Event: 7564.136 Thread 0x0000021157184df0 Thread exited: 0x0000021157184df0


Dynamic libraries:
0x00007ff6bb300000 - 0x00007ff6bb310000 	C:\Program Files\Java\jdk-17\bin\javaw.exe
0x00007ff84ef80000 - 0x00007ff84f1e7000 	C:\WINDOWS\SYSTEM32\ntdll.dll
0x00007ff84d960000 - 0x00007ff84da29000 	C:\WINDOWS\System32\KERNEL32.DLL
0x00007ff84c0b0000 - 0x00007ff84c4a0000 	C:\WINDOWS\System32\KERNELBASE.dll
0x00007ff84c810000 - 0x00007ff84c95b000 	C:\WINDOWS\System32\ucrtbase.dll
0x00007ff831420000 - 0x00007ff83143b000 	C:\Program Files\Java\jdk-17\bin\VCRUNTIME140.dll
0x00007ff82ead0000 - 0x00007ff82eae9000 	C:\Program Files\Java\jdk-17\bin\jli.dll
0x00007ff84d800000 - 0x00007ff84d8b4000 	C:\WINDOWS\System32\ADVAPI32.dll
0x00007ff84d600000 - 0x00007ff84d6a9000 	C:\WINDOWS\System32\msvcrt.dll
0x00007ff84d340000 - 0x00007ff84d3e6000 	C:\WINDOWS\System32\sechost.dll
0x00007ff84cd10000 - 0x00007ff84ce28000 	C:\WINDOWS\System32\RPCRT4.dll
0x00007ff84e4e0000 - 0x00007ff84e6a5000 	C:\WINDOWS\System32\USER32.dll
0x00007ff84c740000 - 0x00007ff84c767000 	C:\WINDOWS\System32\win32u.dll
0x00007ff84e4b0000 - 0x00007ff84e4db000 	C:\WINDOWS\System32\GDI32.dll
0x00007ff84c4b0000 - 0x00007ff84c5e8000 	C:\WINDOWS\System32\gdi32full.dll
0x00007ff84c960000 - 0x00007ff84ca03000 	C:\WINDOWS\System32\msvcp_win.dll
0x00007ff837400000 - 0x00007ff83769a000 	C:\WINDOWS\WinSxS\amd64_microsoft.windows.common-controls_6595b64144ccf1df_6.0.26100.4768_none_3e0c112ce331287c\COMCTL32.dll
0x00007ff845030000 - 0x00007ff84503b000 	C:\WINDOWS\SYSTEM32\VERSION.dll
0x00007ff84d280000 - 0x00007ff84d2af000 	C:\WINDOWS\System32\IMM32.DLL
0x00007ff83ac70000 - 0x00007ff83ac7c000 	C:\Program Files\Java\jdk-17\bin\vcruntime140_1.dll
0x00007ff80d370000 - 0x00007ff80d3fe000 	C:\Program Files\Java\jdk-17\bin\msvcp140.dll
0x00007fffec770000 - 0x00007fffed34f000 	C:\Program Files\Java\jdk-17\bin\server\jvm.dll
0x00007ff84eb40000 - 0x00007ff84eb48000 	C:\WINDOWS\System32\PSAPI.DLL
0x00007ff838fc0000 - 0x00007ff838fca000 	C:\WINDOWS\SYSTEM32\WSOCK32.dll
0x00007ff842c60000 - 0x00007ff842c95000 	C:\WINDOWS\SYSTEM32\WINMM.dll
0x00007ff84d2c0000 - 0x00007ff84d334000 	C:\WINDOWS\System32\WS2_32.dll
0x00007ff84af50000 - 0x00007ff84af6b000 	C:\WINDOWS\SYSTEM32\kernel.appcore.dll
0x00007ff83a530000 - 0x00007ff83a53a000 	C:\Program Files\Java\jdk-17\bin\jimage.dll
0x00007ff8376a0000 - 0x00007ff8378e1000 	C:\WINDOWS\SYSTEM32\DBGHELP.DLL
0x00007ff84ebb0000 - 0x00007ff84ef35000 	C:\WINDOWS\System32\combase.dll
0x00007ff84d410000 - 0x00007ff84d4f0000 	C:\WINDOWS\System32\OLEAUT32.dll
0x00007ff836160000 - 0x00007ff8361a3000 	C:\WINDOWS\SYSTEM32\dbgcore.DLL
0x00007ff84c770000 - 0x00007ff84c809000 	C:\WINDOWS\System32\bcryptPrimitives.dll
0x00007ff82eaa0000 - 0x00007ff82eac5000 	C:\Program Files\Java\jdk-17\bin\java.dll
0x00007ff80d290000 - 0x00007ff80d367000 	C:\Program Files\Java\jdk-17\bin\jsvml.dll
0x00007ff84dc30000 - 0x00007ff84e37d000 	C:\WINDOWS\System32\SHELL32.dll
0x00007ff84cb90000 - 0x00007ff84cd03000 	C:\WINDOWS\System32\wintypes.dll
0x00007ff849cb0000 - 0x00007ff84a510000 	C:\WINDOWS\SYSTEM32\windows.storage.dll
0x00007ff84d500000 - 0x00007ff84d5f5000 	C:\WINDOWS\System32\SHCORE.dll
0x00007ff84d8f0000 - 0x00007ff84d95a000 	C:\WINDOWS\System32\shlwapi.dll
0x00007ff84bfd0000 - 0x00007ff84bff9000 	C:\WINDOWS\SYSTEM32\profapi.dll
0x00007ff82e9b0000 - 0x00007ff82e9c9000 	C:\Program Files\Java\jdk-17\bin\net.dll
0x00007ff844070000 - 0x00007ff84418e000 	C:\WINDOWS\SYSTEM32\WINHTTP.dll
0x00007ff84b4e0000 - 0x00007ff84b54b000 	C:\WINDOWS\system32\mswsock.dll
0x00007ff82c270000 - 0x00007ff82c286000 	C:\Program Files\Java\jdk-17\bin\nio.dll
0x00007ff82bd70000 - 0x00007ff82bd88000 	C:\Program Files\Java\jdk-17\bin\zip.dll
0x00007ff839350000 - 0x00007ff83935a000 	C:\Program Files\Java\jdk-17\bin\management.dll
0x00007ff838570000 - 0x00007ff83857b000 	C:\Program Files\Java\jdk-17\bin\management_ext.dll
0x00007ff832710000 - 0x00007ff832728000 	C:\WINDOWS\system32\napinsp.dll
0x00007ff84a920000 - 0x00007ff84aa46000 	C:\WINDOWS\SYSTEM32\DNSAPI.dll
0x00007ff84a820000 - 0x00007ff84a853000 	C:\WINDOWS\SYSTEM32\IPHLPAPI.DLL
0x00007ff84d3f0000 - 0x00007ff84d3fa000 	C:\WINDOWS\System32\NSI.dll
0x00007ff830fb0000 - 0x00007ff830fc2000 	C:\WINDOWS\System32\winrnr.dll
0x00007ff830f70000 - 0x00007ff830fa0000 	C:\WINDOWS\system32\nlansp_c.dll
0x00007ff843d50000 - 0x00007ff843d70000 	C:\WINDOWS\system32\wshbth.dll
0x00007ff83cfd0000 - 0x00007ff83cfdb000 	C:\Windows\System32\rasadhlp.dll
0x00007ff8410b0000 - 0x00007ff841136000 	C:\WINDOWS\System32\fwpuclnt.dll
0x00007ff84b7b0000 - 0x00007ff84b7cb000 	C:\WINDOWS\SYSTEM32\CRYPTSP.dll
0x00007ff84aeb0000 - 0x00007ff84aeeb000 	C:\WINDOWS\system32\rsaenh.dll
0x00007ff84b580000 - 0x00007ff84b5ab000 	C:\WINDOWS\SYSTEM32\USERENV.dll
0x00007ff84bfa0000 - 0x00007ff84bfc6000 	C:\WINDOWS\SYSTEM32\bcrypt.dll
0x00007ff84b7a0000 - 0x00007ff84b7ac000 	C:\WINDOWS\SYSTEM32\CRYPTBASE.dll
0x00007ff8439f0000 - 0x00007ff843a0f000 	C:\WINDOWS\SYSTEM32\dhcpcsvc6.DLL
0x00007ff8432b0000 - 0x00007ff8432d5000 	C:\WINDOWS\SYSTEM32\dhcpcsvc.DLL
0x00007ff838250000 - 0x00007ff83825e000 	C:\Program Files\Java\jdk-17\bin\sunmscapi.dll
0x00007ff84ca10000 - 0x00007ff84cb87000 	C:\WINDOWS\System32\CRYPT32.dll
0x00007ff84b9c0000 - 0x00007ff84b9f0000 	C:\WINDOWS\SYSTEM32\ncrypt.dll
0x00007ff84b970000 - 0x00007ff84b9af000 	C:\WINDOWS\SYSTEM32\NTASN1.dll
0x00007ff837e70000 - 0x00007ff837e80000 	C:\Program Files\Java\jdk-17\bin\verify.dll
0x00007ff808040000 - 0x00007ff808048000 	C:\WINDOWS\system32\wshunix.dll

dbghelp: loaded successfully - version: 4.0.5 - missing functions: none
symbol engine: initialized successfully - sym options: 0x614 - pdb path: .;C:\Program Files\Java\jdk-17\bin;C:\WINDOWS\SYSTEM32;C:\WINDOWS\WinSxS\amd64_microsoft.windows.common-controls_6595b64144ccf1df_6.0.26100.4768_none_3e0c112ce331287c;C:\Program Files\Java\jdk-17\bin\server

VM Arguments:
jvm_args: -Dcom.sun.management.jmxremote -Dcom.sun.management.jmxremote.port=57656 -Dcom.sun.management.jmxremote.authenticate=false -Dcom.sun.management.jmxremote.ssl=false -Djava.rmi.server.hostname=localhost -Dspring.jmx.enabled=true -Dmanagement.endpoints.jmx.exposure.include=* -Dspring.application.admin.enabled=true -Dspring.output.ansi.enabled=always -XX:TieredStopAtLevel=1 -Dspring.boot.project.name=PayRoll_Management -Dfile.encoding=UTF-8 -Dstdout.encoding=UTF-8 -Dstderr.encoding=UTF-8 -XX:+ShowCodeDetailsInExceptionMessages 
java_command: com.example.payroll.PayRollManagementApplication
java_class_path (initial): C:\Users\Admin\Documents\workspace-spring-tools-for-eclipse-4.31.0.RELEASE\PayRoll_Management\target\classes;C:\Users\Admin\.m2\repository\org\springframework\boot\spring-boot-starter-web\3.3.5\spring-boot-starter-web-3.3.5.jar;C:\Users\Admin\.m2\repository\org\springframework\boot\spring-boot-starter\3.3.5\spring-boot-starter-3.3.5.jar;C:\Users\Admin\.m2\repository\org\springframework\boot\spring-boot-starter-logging\3.3.5\spring-boot-starter-logging-3.3.5.jar;C:\Users\Admin\.m2\repository\ch\qos\logback\logback-classic\1.5.11\logback-classic-1.5.11.jar;C:\Users\Admin\.m2\repository\ch\qos\logback\logback-core\1.5.11\logback-core-1.5.11.jar;C:\Users\Admin\.m2\repository\org\apache\logging\log4j\log4j-to-slf4j\2.23.1\log4j-to-slf4j-2.23.1.jar;C:\Users\Admin\.m2\repository\org\apache\logging\log4j\log4j-api\2.23.1\log4j-api-2.23.1.jar;C:\Users\Admin\.m2\repository\org\slf4j\jul-to-slf4j\2.0.16\jul-to-slf4j-2.0.16.jar;C:\Users\Admin\.m2\repository\jakarta\annotation\jakarta.annotation-api\2.1.1\jakarta.annotation-api-2.1.1.jar;C:\Users\Admin\.m2\repository\org\yaml\snakeyaml\2.2\snakeyaml-2.2.jar;C:\Users\Admin\.m2\repository\org\springframework\boot\spring-boot-starter-json\3.3.5\spring-boot-starter-json-3.3.5.jar;C:\Users\Admin\.m2\repository\com\fasterxml\jackson\datatype\jackson-datatype-jdk8\2.17.2\jackson-datatype-jdk8-2.17.2.jar;C:\Users\Admin\.m2\repository\com\fasterxml\jackson\datatype\jackson-datatype-jsr310\2.17.2\jackson-datatype-jsr310-2.17.2.jar;C:\Users\Admin\.m2\repository\com\fasterxml\jackson\module\jackson-module-parameter-names\2.17.2\jackson-module-parameter-names-2.17.2.jar;C:\Users\Admin\.m2\repository\org\springframework\boot\spring-boot-starter-tomcat\3.3.5\spring-boot-starter-tomcat-3.3.5.jar;C:\Users\Admin\.m2\repository\org\apache\tomcat\embed\tomcat-embed-core\10.1.31\tomcat-embed-core-10.1.31.jar;C:\Users\Admin\.m2\repository\org\apache\tomcat\embed\tomcat-embed-websocket\10.1.31\tomcat-embed-websocket-10.1.3
Launcher Type: SUN_STANDARD

[Global flags]
     intx CICompilerCount                          = 4                                         {product} {ergonomic}
     uint ConcGCThreads                            = 3                                         {product} {ergonomic}
     uint G1ConcRefinementThreads                  = 10                                        {product} {ergonomic}
   size_t G1HeapRegionSize                         = 1048576                                   {product} {ergonomic}
    uintx GCDrainStackTargetSize                   = 64                                        {product} {ergonomic}
   size_t InitialHeapSize                          = 123731968                                 {product} {ergonomic}
     bool ManagementServer                         = true                                      {product} {command line}
   size_t MarkStackSize                            = 4194304                                   {product} {ergonomic}
   size_t MaxHeapSize                              = 1979711488                                {product} {ergonomic}
   size_t MaxNewSize                               = 1186988032                                {product} {ergonomic}
   size_t MinHeapDeltaBytes                        = 1048576                                   {product} {ergonomic}
   size_t MinHeapSize                              = 8388608                                   {product} {ergonomic}
    uintx NonProfiledCodeHeapSize                  = 0                                      {pd product} {ergonomic}
     bool ProfileInterpreter                       = false                                  {pd product} {command line}
    uintx ProfiledCodeHeapSize                     = 0                                      {pd product} {ergonomic}
     bool ShowCodeDetailsInExceptionMessages       = true                                   {manageable} {command line}
   size_t SoftMaxHeapSize                          = 1979711488                             {manageable} {ergonomic}
     intx TieredStopAtLevel                        = 1                                         {product} {command line}
     bool UseCompressedClassPointers               = true                           {product lp64_product} {ergonomic}
     bool UseCompressedOops                        = true                           {product lp64_product} {ergonomic}
     bool UseG1GC                                  = true                                      {product} {ergonomic}
     bool UseLargePagesIndividualAllocation        = false                                  {pd product} {ergonomic}

Logging:
Log output configuration:
 #0: stdout all=warning uptime,level,tags
 #1: stderr all=off uptime,level,tags

Environment Variables:
PATH=C:/Program Files/sts-4.31.0.RELEASE//plugins/org.eclipse.justj.openjdk.hotspot.jre.full.win32.x86_64_21.0.7.v20250502-0916/jre/bin/server;C:/Program Files/sts-4.31.0.RELEASE//plugins/org.eclipse.justj.openjdk.hotspot.jre.full.win32.x86_64_21.0.7.v20250502-0916/jre/bin;C:\Program Files\Common Files\Oracle\Java\javapath;C:\Program Files\Python38\Scripts\;C:\Program Files\Python38\;C:\WINDOWS\system32;C:\WINDOWS;C:\WINDOWS\System32\Wbem;C:\WINDOWS\System32\WindowsPowerShell\v1.0\;C:\WINDOWS\System32\OpenSSH\;C:\Program Files\MATLAB\R2013a\runtime\win64;C:\Program Files\MATLAB\R2013a\bin;C:\Program Files (x86)\Windows Kits\10\Windows Performance Toolkit\;C:\Program Files\dotnet\;C:\Program Files\Git\cmd;C:\Program Files\Java\jdk-17\bin;C:\Program Files\nodejs\;C:\Program Files\nodejs\node_modules\npm\bin;C:\Users\Admin\Downloads\Java React\apache-maven-3.9.11\bin;;C:\Program Files\Docker\Docker\resources\bin;C:\Program Files\MySQL\MySQL Shell 8.0\bin\;C:\Users\Admin\anaconda3;C:\Users\Admin\anaconda3\Library\mingw-w64\bin;C:\Users\Admin\anaconda3\Library\usr\bin;C:\Users\Admin\anaconda3\Library\bin;C:\Users\Admin\anaconda3\Scripts;C:\Users\Admin\AppData\Local\Microsoft\WindowsApps;C:\Program Files\JetBrains\PyCharm 2023.2.2\bin;;C:\Users\Admin\Desktop\PyCharm Community Edition 2020.3.3\bin;;C:\Program Files\JetBrains\PyCharm Edu 2022.2.2\bin;;C:\Users\Admin\AppData\Roaming\npm;C:\Users\Admin\AppData\Local\Programs\Microsoft VS Code\bin;C:\Program Files\sts-4.31.0.RELEASE;
USERNAME=Admin
OS=Windows_NT
PROCESSOR_IDENTIFIER=AMD64 Family 23 Model 96 Stepping 1, AuthenticAMD



---------------  S Y S T E M  ---------------

OS:
 Windows 11 , 64 bit Build 26100 (10.0.26100.4768)
OS uptime: 16 days 17:32 hours
Hyper-V role detected

CPU: total 12 (initial active 12) (12 cores per cpu, 2 threads per core) family 23 model 96 stepping 1 microcode 0x8600104, cx8, cmov, fxsr, ht, mmx, 3dnowpref, sse, sse2, sse3, ssse3, sse4a, sse4.1, sse4.2, popcnt, lzcnt, tsc, tscinvbit, avx, avx2, aes, clmul, bmi1, bmi2, adx, sha, fma, vzeroupper, clflush, clflushopt, hv

Memory: 4k page, system-wide physical 7549M (542M free)
TotalPageFile size 15741M (AvailPageFile size 3M)
current process WorkingSet (physical memory assigned to process): 79M, peak: 288M
current process commit charge ("private bytes"): 348M, peak: 377M

vm_info: Java HotSpot(TM) 64-Bit Server VM (17.0.10+11-LTS-240) for windows-amd64 JRE (17.0.10+11-LTS-240), built on Dec 19 2023 21:47:25 by "mach5one" with MS VC++ 17.1 (VS2022)

END.
